2026-07-05 16:53:55,530 - telethon.crypto.aes - INFO - libssl detected, it will be used for encryption
2026-07-05 16:53:55,684 - config - INFO - Initializing database...
2026-07-05 16:53:55,704 - config - INFO - Database initialized successfully.
2026-07-05 16:54:32,876 - telethon.crypto.aes - INFO - libssl detected, it will be used for encryption
2026-07-05 16:54:33,197 - config - INFO - Initializing database...
2026-07-05 16:54:33,199 - config - INFO - Database initialized successfully.
2026-07-05 16:56:47,311 - telethon.crypto.aes - INFO - libssl detected, it will be used for encryption
2026-07-05 16:56:47,516 - config - INFO - Initializing database...
2026-07-05 16:56:47,517 - config - INFO - Database initialized successfully.
2026-07-05 16:59:24,805 - telethon.crypto.aes - INFO - libssl detected, it will be used for encryption
2026-07-05 16:59:24,975 - config - INFO - Initializing database...
2026-07-05 16:59:24,976 - config - INFO - Database initialized successfully.
2026-07-05 16:59:34,348 - telethon.crypto.aes - INFO - libssl detected, it will be used for encryption
2026-07-05 16:59:34,508 - config - INFO - Initializing database...
2026-07-05 16:59:34,510 - config - INFO - Database initialized successfully.
2026-07-05 17:01:15,623 - telethon.crypto.aes - INFO - libssl detected, it will be used for encryption
2026-07-05 17:01:15,785 - config - INFO - Initializing database...
2026-07-05 17:01:15,786 - config - INFO - Database initialized successfully.
2026-07-05 17:01:15,902 - config - INFO - Bot is starting...
2026-07-05 17:03:49,825 - telethon.crypto.aes - INFO - libssl detected, it will be used for encryption
2026-07-05 17:03:50,144 - config - INFO - Bot is starting...
2026-07-05 17:03:50,743 - httpx - INFO - HTTP Request: POST https://api.telegram.org/bot1234567890:ABCDEFGHIJKLMNOPQRSTUVWXYZ/getMe "HTTP/1.1 401 Unauthorized"
2026-07-05 17:04:06,840 - telethon.crypto.aes - INFO - libssl detected, it will be used for encryption
2026-07-05 17:04:07,168 - config - INFO - Bot is starting...
2026-07-05 17:04:07,688 - httpx - INFO - HTTP Request: POST https://api.telegram.org/bot1234567890:ABCDEFGHIJKLMNOPQRSTUVWXYZ/getMe "HTTP/1.1 401 Unauthorized"
2026-07-05 17:06:56,992 - telethon.crypto.aes - INFO - libssl detected, it will be used for encryption
2026-07-05 17:06:57,260 - config - INFO - Bot is starting...
2026-07-05 17:07:21,377 - telethon.crypto.aes - INFO - libssl detected, it will be used for encryption
2026-07-05 17:07:21,645 - config - INFO - Bot is starting...
2026-07-05 17:07:22,150 - httpx - INFO - HTTP Request: POST https://api.telegram.org/bot8986581091:AAEqrOS80ptTAfBZ4WRpJmGKlpXE5IKCgKA/getMe "HTTP/1.1 200 OK"
2026-07-05 17:07:22,152 - config - INFO - Initializing database...
2026-07-05 17:07:22,166 - config - INFO - Database initialized successfully.
2026-07-05 17:07:22,332 - httpx - INFO - HTTP Request: POST https://api.telegram.org/bot8986581091:AAEqrOS80ptTAfBZ4WRpJmGKlpXE5IKCgKA/deleteWebhook "HTTP/1.1 200 OK"
2026-07-05 17:07:22,334 - telegram.ext.Application - INFO - Application started
2026-07-05 17:07:32,885 - httpx - INFO - HTTP Request: POST https://api.telegram.org/bot8986581091:AAEqrOS80ptTAfBZ4WRpJmGKlpXE5IKCgKA/getUpdates "HTTP/1.1 200 OK"
2026-07-05 17:07:43,072 - httpx - INFO - HTTP Request: POST https://api.telegram.org/bot8986581091:AAEqrOS80ptTAfBZ4WRpJmGKlpXE5IKCgKA/getUpdates "HTTP/1.1 200 OK"
2026-07-05 17:07:47,653 - httpx - INFO - HTTP Request: POST https://api.telegram.org/bot8986581091:AAEqrOS80ptTAfBZ4WRpJmGKlpXE5IKCgKA/getUpdates "HTTP/1.1 200 OK"
2026-07-05 17:07:48,413 - httpx - INFO - HTTP Request: POST https://api.telegram.org/bot8986581091:AAEqrOS80ptTAfBZ4WRpJmGKlpXE5IKCgKA/sendMessage "HTTP/1.1 200 OK"
2026-07-05 17:07:50,661 - httpx - INFO - HTTP Request: POST https://api.telegram.org/bot8986581091:AAEqrOS80ptTAfBZ4WRpJmGKlpXE5IKCgKA/getUpdates "HTTP/1.1 200 OK"
2026-07-05 17:07:51,121 - httpx - INFO - HTTP Request: POST https://api.telegram.org/bot8986581091:AAEqrOS80ptTAfBZ4WRpJmGKlpXE5IKCgKA/answerCallbackQuery "HTTP/1.1 200 OK"
2026-07-05 17:07:51,487 - httpx - INFO - HTTP Request: POST https://api.telegram.org/bot8986581091:AAEqrOS80ptTAfBZ4WRpJmGKlpXE5IKCgKA/editMessageText "HTTP/1.1 200 OK"
2026-07-05 17:07:52,941 - httpx - INFO - HTTP Request: POST https://api.telegram.org/bot8986581091:AAEqrOS80ptTAfBZ4WRpJmGKlpXE5IKCgKA/getUpdates "HTTP/1.1 200 OK"
2026-07-05 17:07:53,294 - httpx - INFO - HTTP Request: POST https://api.telegram.org/bot8986581091:AAEqrOS80ptTAfBZ4WRpJmGKlpXE5IKCgKA/answerCallbackQuery "HTTP/1.1 200 OK"
2026-07-05 17:07:53,731 - httpx - INFO - HTTP Request: POST https://api.telegram.org/bot8986581091:AAEqrOS80ptTAfBZ4WRpJmGKlpXE5IKCgKA/editMessageText "HTTP/1.1 200 OK"
2026-07-05 17:08:03,130 - httpx - INFO - HTTP Request: POST https://api.telegram.org/bot8986581091:AAEqrOS80ptTAfBZ4WRpJmGKlpXE5IKCgKA/getUpdates "HTTP/1.1 200 OK"
2026-07-05 17:08:08,594 - httpx - INFO - HTTP Request: POST https://api.telegram.org/bot8986581091:AAEqrOS80ptTAfBZ4WRpJmGKlpXE5IKCgKA/getUpdates "HTTP/1.1 200 OK"
2026-07-05 17:08:09,296 - httpx - INFO - HTTP Request: POST https://api.telegram.org/bot8986581091:AAEqrOS80ptTAfBZ4WRpJmGKlpXE5IKCgKA/sendMessage "HTTP/1.1 200 OK"
2026-07-05 17:08:09,297 - telethon.network.mtprotosender - INFO - Connecting to 149.154.167.51:443/TcpFull...
2026-07-05 17:08:11,196 - telethon.network.mtprotosender - INFO - Connection to 149.154.167.51:443/TcpFull complete!
2026-07-05 17:08:11,888 - telethon.client.users - INFO - Phone migrated to 5
2026-07-05 17:08:12,058 - telethon.client.telegrambaseclient - INFO - Reconnecting to new data center 5
2026-07-05 17:08:12,230 - telethon.network.mtprotosender - INFO - Disconnecting from 149.154.167.51:443/TcpFull...
2026-07-05 17:08:12,230 - telethon.network.mtprotosender - INFO - Disconnection from 149.154.167.51:443/TcpFull complete!
2026-07-05 17:08:12,230 - telethon.network.mtprotosender - INFO - Connecting to 91.108.56.182:443/TcpFull...
2026-07-05 17:08:13,590 - telethon.network.mtprotosender - INFO - Connection to 91.108.56.182:443/TcpFull complete!
2026-07-05 17:08:14,445 - httpx - INFO - HTTP Request: POST https://api.telegram.org/bot8986581091:AAEqrOS80ptTAfBZ4WRpJmGKlpXE5IKCgKA/editMessageText "HTTP/1.1 200 OK"
2026-07-05 17:08:18,778 - httpx - INFO - HTTP Request: POST https://api.telegram.org/bot8986581091:AAEqrOS80ptTAfBZ4WRpJmGKlpXE5IKCgKA/getUpdates "HTTP/1.1 200 OK"
2026-07-05 17:08:20,021 - httpx - INFO - HTTP Request: POST https://api.telegram.org/bot8986581091:AAEqrOS80ptTAfBZ4WRpJmGKlpXE5IKCgKA/getUpdates "HTTP/1.1 200 OK"
2026-07-05 17:08:20,774 - httpx - INFO - HTTP Request: POST https://api.telegram.org/bot8986581091:AAEqrOS80ptTAfBZ4WRpJmGKlpXE5IKCgKA/sendMessage "HTTP/1.1 200 OK"
2026-07-05 17:08:20,998 - telethon.network.mtprotosender - INFO - Disconnecting from 91.108.56.182:443/TcpFull...
2026-07-05 17:08:20,998 - telethon.network.mtprotosender - INFO - Disconnection from 91.108.56.182:443/TcpFull complete!
2026-07-05 17:08:21,394 - httpx - INFO - HTTP Request: POST https://api.telegram.org/bot8986581091:AAEqrOS80ptTAfBZ4WRpJmGKlpXE5IKCgKA/editMessageText "HTTP/1.1 200 OK"
2026-07-05 17:08:26,082 - httpx - INFO - HTTP Request: POST https://api.telegram.org/bot8986581091:AAEqrOS80ptTAfBZ4WRpJmGKlpXE5IKCgKA/getUpdates "HTTP/1.1 200 OK"
2026-07-05 17:08:26,484 - httpx - INFO - HTTP Request: POST https://api.telegram.org/bot8986581091:AAEqrOS80ptTAfBZ4WRpJmGKlpXE5IKCgKA/sendMessage "HTTP/1.1 200 OK"
2026-07-05 17:08:27,892 - httpx - INFO - HTTP Request: POST https://api.telegram.org/bot8986581091:AAEqrOS80ptTAfBZ4WRpJmGKlpXE5IKCgKA/getUpdates "HTTP/1.1 200 OK"
2026-07-05 17:08:28,261 - httpx - INFO - HTTP Request: POST https://api.telegram.org/bot8986581091:AAEqrOS80ptTAfBZ4WRpJmGKlpXE5IKCgKA/answerCallbackQuery "HTTP/1.1 200 OK"
2026-07-05 17:08:28,655 - httpx - INFO - HTTP Request: POST https://api.telegram.org/bot8986581091:AAEqrOS80ptTAfBZ4WRpJmGKlpXE5IKCgKA/editMessageText "HTTP/1.1 200 OK"
2026-07-05 17:08:29,857 - httpx - INFO - HTTP Request: POST https://api.telegram.org/bot8986581091:AAEqrOS80ptTAfBZ4WRpJmGKlpXE5IKCgKA/getUpdates "HTTP/1.1 200 OK"
2026-07-05 17:08:30,236 - httpx - INFO - HTTP Request: POST https://api.telegram.org/bot8986581091:AAEqrOS80ptTAfBZ4WRpJmGKlpXE5IKCgKA/answerCallbackQuery "HTTP/1.1 200 OK"
2026-07-05 17:08:30,616 - httpx - INFO - HTTP Request: POST https://api.telegram.org/bot8986581091:AAEqrOS80ptTAfBZ4WRpJmGKlpXE5IKCgKA/editMessageText "HTTP/1.1 200 OK"
2026-07-05 17:08:31,861 - httpx - INFO - HTTP Request: POST https://api.telegram.org/bot8986581091:AAEqrOS80ptTAfBZ4WRpJmGKlpXE5IKCgKA/getUpdates "HTTP/1.1 200 OK"
2026-07-05 17:08:32,220 - httpx - INFO - HTTP Request: POST https://api.telegram.org/bot8986581091:AAEqrOS80ptTAfBZ4WRpJmGKlpXE5IKCgKA/answerCallbackQuery "HTTP/1.1 200 OK"
2026-07-05 17:08:42,044 - httpx - INFO - HTTP Request: POST https://api.telegram.org/bot8986581091:AAEqrOS80ptTAfBZ4WRpJmGKlpXE5IKCgKA/getUpdates "HTTP/1.1 200 OK"
2026-07-05 17:08:47,584 - httpx - INFO - HTTP Request: POST https://api.telegram.org/bot8986581091:AAEqrOS80ptTAfBZ4WRpJmGKlpXE5IKCgKA/getUpdates "HTTP/1.1 200 OK"
2026-07-05 17:08:48,291 - httpx - INFO - HTTP Request: POST https://api.telegram.org/bot8986581091:AAEqrOS80ptTAfBZ4WRpJmGKlpXE5IKCgKA/sendMessage "HTTP/1.1 200 OK"
2026-07-05 17:08:49,289 - httpx - INFO - HTTP Request: POST https://api.telegram.org/bot8986581091:AAEqrOS80ptTAfBZ4WRpJmGKlpXE5IKCgKA/getUpdates "HTTP/1.1 200 OK"
2026-07-05 17:08:49,625 - httpx - INFO - HTTP Request: POST https://api.telegram.org/bot8986581091:AAEqrOS80ptTAfBZ4WRpJmGKlpXE5IKCgKA/answerCallbackQuery "HTTP/1.1 200 OK"
2026-07-05 17:08:49,989 - httpx - INFO - HTTP Request: POST https://api.telegram.org/bot8986581091:AAEqrOS80ptTAfBZ4WRpJmGKlpXE5IKCgKA/editMessageText "HTTP/1.1 200 OK"
2026-07-05 17:08:50,915 - httpx - INFO - HTTP Request: POST https://api.telegram.org/bot8986581091:AAEqrOS80ptTAfBZ4WRpJmGKlpXE5IKCgKA/getUpdates "HTTP/1.1 200 OK"
2026-07-05 17:08:51,256 - httpx - INFO - HTTP Request: POST https://api.telegram.org/bot8986581091:AAEqrOS80ptTAfBZ4WRpJmGKlpXE5IKCgKA/answerCallbackQuery "HTTP/1.1 200 OK"
2026-07-05 17:08:51,610 - httpx - INFO - HTTP Request: POST https://api.telegram.org/bot8986581091:AAEqrOS80ptTAfBZ4WRpJmGKlpXE5IKCgKA/editMessageText "HTTP/1.1 200 OK"
2026-07-05 17:08:52,420 - httpx - INFO - HTTP Request: POST https://api.telegram.org/bot8986581091:AAEqrOS80ptTAfBZ4WRpJmGKlpXE5IKCgKA/getUpdates "HTTP/1.1 200 OK"
2026-07-05 17:08:52,753 - httpx - INFO - HTTP Request: POST https://api.telegram.org/bot8986581091:AAEqrOS80ptTAfBZ4WRpJmGKlpXE5IKCgKA/answerCallbackQuery "HTTP/1.1 200 OK"
2026-07-05 17:08:55,928 - httpx - INFO - HTTP Request: POST https://api.telegram.org/bot8986581091:AAEqrOS80ptTAfBZ4WRpJmGKlpXE5IKCgKA/getUpdates "HTTP/1.1 200 OK"
2026-07-05 17:08:56,264 - httpx - INFO - HTTP Request: POST https://api.telegram.org/bot8986581091:AAEqrOS80ptTAfBZ4WRpJmGKlpXE5IKCgKA/answerCallbackQuery "HTTP/1.1 200 OK"
2026-07-05 17:09:06,113 - httpx - INFO - HTTP Request: POST https://api.telegram.org/bot8986581091:AAEqrOS80ptTAfBZ4WRpJmGKlpXE5IKCgKA/getUpdates "HTTP/1.1 200 OK"
2026-07-05 17:09:16,297 - httpx - INFO - HTTP Request: POST https://api.telegram.org/bot8986581091:AAEqrOS80ptTAfBZ4WRpJmGKlpXE5IKCgKA/getUpdates "HTTP/1.1 200 OK"
2026-07-05 17:09:26,480 - httpx - INFO - HTTP Request: POST https://api.telegram.org/bot8986581091:AAEqrOS80ptTAfBZ4WRpJmGKlpXE5IKCgKA/getUpdates "HTTP/1.1 200 OK"
2026-07-05 17:09:36,663 - httpx - INFO - HTTP Request: POST https://api.telegram.org/bot8986581091:AAEqrOS80ptTAfBZ4WRpJmGKlpXE5IKCgKA/getUpdates "HTTP/1.1 200 OK"
2026-07-05 17:09:46,848 - httpx - INFO - HTTP Request: POST https://api.telegram.org/bot8986581091:AAEqrOS80ptTAfBZ4WRpJmGKlpXE5IKCgKA/getUpdates "HTTP/1.1 200 OK"
2026-07-05 17:09:56,523 - httpx - INFO - HTTP Request: POST https://api.telegram.org/bot8986581091:AAEqrOS80ptTAfBZ4WRpJmGKlpXE5IKCgKA/getUpdates "HTTP/1.1 200 OK"
2026-07-05 17:09:57,245 - httpx - INFO - HTTP Request: POST https://api.telegram.org/bot8986581091:AAEqrOS80ptTAfBZ4WRpJmGKlpXE5IKCgKA/answerCallbackQuery "HTTP/1.1 200 OK"
2026-07-05 17:10:06,708 - httpx - INFO - HTTP Request: POST https://api.telegram.org/bot8986581091:AAEqrOS80ptTAfBZ4WRpJmGKlpXE5IKCgKA/getUpdates "HTTP/1.1 200 OK"
2026-07-05 17:10:16,891 - httpx - INFO - HTTP Request: POST https://api.telegram.org/bot8986581091:AAEqrOS80ptTAfBZ4WRpJmGKlpXE5IKCgKA/getUpdates "HTTP/1.1 200 OK"
2026-07-05 17:10:27,074 - httpx - INFO - HTTP Request: POST https://api.telegram.org/bot8986581091:AAEqrOS80ptTAfBZ4WRpJmGKlpXE5IKCgKA/getUpdates "HTTP/1.1 200 OK"
2026-07-05 17:10:31,087 - httpx - INFO - HTTP Request: POST https://api.telegram.org/bot8986581091:AAEqrOS80ptTAfBZ4WRpJmGKlpXE5IKCgKA/getUpdates "HTTP/1.1 200 OK"
2026-07-05 17:10:31,760 - httpx - INFO - HTTP Request: POST https://api.telegram.org/bot8986581091:AAEqrOS80ptTAfBZ4WRpJmGKlpXE5IKCgKA/answerCallbackQuery "HTTP/1.1 200 OK"
2026-07-05 17:10:41,272 - httpx - INFO - HTTP Request: POST https://api.telegram.org/bot8986581091:AAEqrOS80ptTAfBZ4WRpJmGKlpXE5IKCgKA/getUpdates "HTTP/1.1 200 OK"
2026-07-05 17:10:49,133 - httpx - INFO - HTTP Request: POST https://api.telegram.org/bot8986581091:AAEqrOS80ptTAfBZ4WRpJmGKlpXE5IKCgKA/getUpdates "HTTP/1.1 200 OK"
2026-07-05 17:10:49,853 - httpx - INFO - HTTP Request: POST https://api.telegram.org/bot8986581091:AAEqrOS80ptTAfBZ4WRpJmGKlpXE5IKCgKA/answerCallbackQuery "HTTP/1.1 200 OK"
2026-07-05 17:10:50,269 - httpx - INFO - HTTP Request: POST https://api.telegram.org/bot8986581091:AAEqrOS80ptTAfBZ4WRpJmGKlpXE5IKCgKA/editMessageText "HTTP/1.1 200 OK"
2026-07-05 17:10:51,623 - httpx - INFO - HTTP Request: POST https://api.telegram.org/bot8986581091:AAEqrOS80ptTAfBZ4WRpJmGKlpXE5IKCgKA/getUpdates "HTTP/1.1 200 OK"
2026-07-05 17:10:51,983 - httpx - INFO - HTTP Request: POST https://api.telegram.org/bot8986581091:AAEqrOS80ptTAfBZ4WRpJmGKlpXE5IKCgKA/answerCallbackQuery "HTTP/1.1 200 OK"
2026-07-05 17:10:52,352 - httpx - INFO - HTTP Request: POST https://api.telegram.org/bot8986581091:AAEqrOS80ptTAfBZ4WRpJmGKlpXE5IKCgKA/editMessageText "HTTP/1.1 200 OK"
2026-07-05 17:10:54,884 - httpx - INFO - HTTP Request: POST https://api.telegram.org/bot8986581091:AAEqrOS80ptTAfBZ4WRpJmGKlpXE5IKCgKA/getUpdates "HTTP/1.1 200 OK"
2026-07-05 17:10:55,239 - httpx - INFO - HTTP Request: POST https://api.telegram.org/bot8986581091:AAEqrOS80ptTAfBZ4WRpJmGKlpXE5IKCgKA/answerCallbackQuery "HTTP/1.1 200 OK"
2026-07-05 17:10:55,615 - httpx - INFO - HTTP Request: POST https://api.telegram.org/bot8986581091:AAEqrOS80ptTAfBZ4WRpJmGKlpXE5IKCgKA/editMessageText "HTTP/1.1 200 OK"
2026-07-05 17:10:58,294 - httpx - INFO - HTTP Request: POST https://api.telegram.org/bot8986581091:AAEqrOS80ptTAfBZ4WRpJmGKlpXE5IKCgKA/getUpdates "HTTP/1.1 200 OK"
2026-07-05 17:10:58,653 - httpx - INFO - HTTP Request: POST https://api.telegram.org/bot8986581091:AAEqrOS80ptTAfBZ4WRpJmGKlpXE5IKCgKA/answerCallbackQuery "HTTP/1.1 200 OK"
2026-07-05 17:10:59,024 - httpx - INFO - HTTP Request: POST https://api.telegram.org/bot8986581091:AAEqrOS80ptTAfBZ4WRpJmGKlpXE5IKCgKA/editMessageText "HTTP/1.1 200 OK"
2026-07-05 17:11:00,520 - httpx - INFO - HTTP Request: POST https://api.telegram.org/bot8986581091:AAEqrOS80ptTAfBZ4WRpJmGKlpXE5IKCgKA/getUpdates "HTTP/1.1 200 OK"
2026-07-05 17:11:00,876 - httpx - INFO - HTTP Request: POST https://api.telegram.org/bot8986581091:AAEqrOS80ptTAfBZ4WRpJmGKlpXE5IKCgKA/answerCallbackQuery "HTTP/1.1 200 OK"
2026-07-05 17:11:10,705 - httpx - INFO - HTTP Request: POST https://api.telegram.org/bot8986581091:AAEqrOS80ptTAfBZ4WRpJmGKlpXE5IKCgKA/getUpdates "HTTP/1.1 200 OK"
2026-07-05 17:11:20,889 - httpx - INFO - HTTP Request: POST https://api.telegram.org/bot8986581091:AAEqrOS80ptTAfBZ4WRpJmGKlpXE5IKCgKA/getUpdates "HTTP/1.1 200 OK"
2026-07-05 17:11:31,074 - httpx - INFO - HTTP Request: POST https://api.telegram.org/bot8986581091:AAEqrOS80ptTAfBZ4WRpJmGKlpXE5IKCgKA/getUpdates "HTTP/1.1 200 OK"
2026-07-05 17:11:41,259 - httpx - INFO - HTTP Request: POST https://api.telegram.org/bot8986581091:AAEqrOS80ptTAfBZ4WRpJmGKlpXE5IKCgKA/getUpdates "HTTP/1.1 200 OK"
2026-07-05 17:11:51,444 - httpx - INFO - HTTP Request: POST https://api.telegram.org/bot8986581091:AAEqrOS80ptTAfBZ4WRpJmGKlpXE5IKCgKA/getUpdates "HTTP/1.1 200 OK"
2026-07-05 17:12:01,630 - httpx - INFO - HTTP Request: POST https://api.telegram.org/bot8986581091:AAEqrOS80ptTAfBZ4WRpJmGKlpXE5IKCgKA/getUpdates "HTTP/1.1 200 OK"
2026-07-05 17:12:11,817 - httpx - INFO - HTTP Request: POST https://api.telegram.org/bot8986581091:AAEqrOS80ptTAfBZ4WRpJmGKlpXE5IKCgKA/getUpdates "HTTP/1.1 200 OK"
2026-07-05 17:12:22,012 - httpx - INFO - HTTP Request: POST https://api.telegram.org/bot8986581091:AAEqrOS80ptTAfBZ4WRpJmGKlpXE5IKCgKA/getUpdates "HTTP/1.1 200 OK"
2026-07-05 17:12:32,198 - httpx - INFO - HTTP Request: POST https://api.telegram.org/bot8986581091:AAEqrOS80ptTAfBZ4WRpJmGKlpXE5IKCgKA/getUpdates "HTTP/1.1 200 OK"
2026-07-05 17:12:42,382 - httpx - INFO - HTTP Request: POST https://api.telegram.org/bot8986581091:AAEqrOS80ptTAfBZ4WRpJmGKlpXE5IKCgKA/getUpdates "HTTP/1.1 200 OK"
2026-07-05 17:12:52,567 - httpx - INFO - HTTP Request: POST https://api.telegram.org/bot8986581091:AAEqrOS80ptTAfBZ4WRpJmGKlpXE5IKCgKA/getUpdates "HTTP/1.1 200 OK"
2026-07-05 17:13:02,753 - httpx - INFO - HTTP Request: POST https://api.telegram.org/bot8986581091:AAEqrOS80ptTAfBZ4WRpJmGKlpXE5IKCgKA/getUpdates "HTTP/1.1 200 OK"
2026-07-05 17:13:12,939 - httpx - INFO - HTTP Request: POST https://api.telegram.org/bot8986581091:AAEqrOS80ptTAfBZ4WRpJmGKlpXE5IKCgKA/getUpdates "HTTP/1.1 200 OK"
2026-07-05 17:13:23,124 - httpx - INFO - HTTP Request: POST https://api.telegram.org/bot8986581091:AAEqrOS80ptTAfBZ4WRpJmGKlpXE5IKCgKA/getUpdates "HTTP/1.1 200 OK"
2026-07-05 17:13:33,311 - httpx - INFO - HTTP Request: POST https://api.telegram.org/bot8986581091:AAEqrOS80ptTAfBZ4WRpJmGKlpXE5IKCgKA/getUpdates "HTTP/1.1 200 OK"
2026-07-05 17:13:43,496 - httpx - INFO - HTTP Request: POST https://api.telegram.org/bot8986581091:AAEqrOS80ptTAfBZ4WRpJmGKlpXE5IKCgKA/getUpdates "HTTP/1.1 200 OK"
2026-07-05 17:13:53,680 - httpx - INFO - HTTP Request: POST https://api.telegram.org/bot8986581091:AAEqrOS80ptTAfBZ4WRpJmGKlpXE5IKCgKA/getUpdates "HTTP/1.1 200 OK"
2026-07-05 17:14:03,865 - httpx - INFO - HTTP Request: POST https://api.telegram.org/bot8986581091:AAEqrOS80ptTAfBZ4WRpJmGKlpXE5IKCgKA/getUpdates "HTTP/1.1 200 OK"
2026-07-05 17:14:14,049 - httpx - INFO - HTTP Request: POST https://api.telegram.org/bot8986581091:AAEqrOS80ptTAfBZ4WRpJmGKlpXE5IKCgKA/getUpdates "HTTP/1.1 200 OK"
2026-07-05 17:14:24,234 - httpx - INFO - HTTP Request: POST https://api.telegram.org/bot8986581091:AAEqrOS80ptTAfBZ4WRpJmGKlpXE5IKCgKA/getUpdates "HTTP/1.1 200 OK"
2026-07-05 17:14:34,420 - httpx - INFO - HTTP Request: POST https://api.telegram.org/bot8986581091:AAEqrOS80ptTAfBZ4WRpJmGKlpXE5IKCgKA/getUpdates "HTTP/1.1 200 OK"
2026-07-05 17:14:44,606 - httpx - INFO - HTTP Request: POST https://api.telegram.org/bot8986581091:AAEqrOS80ptTAfBZ4WRpJmGKlpXE5IKCgKA/getUpdates "HTTP/1.1 200 OK"
2026-07-05 17:14:54,792 - httpx - INFO - HTTP Request: POST https://api.telegram.org/bot8986581091:AAEqrOS80ptTAfBZ4WRpJmGKlpXE5IKCgKA/getUpdates "HTTP/1.1 200 OK"
2026-07-05 17:15:04,979 - httpx - INFO - HTTP Request: POST https://api.telegram.org/bot8986581091:AAEqrOS80ptTAfBZ4WRpJmGKlpXE5IKCgKA/getUpdates "HTTP/1.1 200 OK"
2026-07-05 17:15:15,165 - httpx - INFO - HTTP Request: POST https://api.telegram.org/bot8986581091:AAEqrOS80ptTAfBZ4WRpJmGKlpXE5IKCgKA/getUpdates "HTTP/1.1 200 OK"
2026-07-05 17:15:25,353 - httpx - INFO - HTTP Request: POST https://api.telegram.org/bot8986581091:AAEqrOS80ptTAfBZ4WRpJmGKlpXE5IKCgKA/getUpdates "HTTP/1.1 200 OK"
2026-07-05 17:15:35,842 - telethon.crypto.aes - INFO - libssl detected, it will be used for encryption
2026-07-05 17:15:36,154 - config - INFO - Bot is starting...
2026-07-05 17:15:36,665 - httpx - INFO - HTTP Request: POST https://api.telegram.org/bot8986581091:AAEqrOS80ptTAfBZ4WRpJmGKlpXE5IKCgKA/getMe "HTTP/1.1 200 OK"
2026-07-05 17:15:36,666 - config - INFO - Initializing database...
2026-07-05 17:15:36,835 - httpx - INFO - HTTP Request: POST https://api.telegram.org/bot8986581091:AAEqrOS80ptTAfBZ4WRpJmGKlpXE5IKCgKA/deleteWebhook "HTTP/1.1 200 OK"
2026-07-05 17:15:36,837 - telegram.ext.Application - INFO - Application started
2026-07-05 17:15:41,823 - httpx - INFO - HTTP Request: POST https://api.telegram.org/bot8986581091:AAEqrOS80ptTAfBZ4WRpJmGKlpXE5IKCgKA/getUpdates "HTTP/1.1 200 OK"
2026-07-05 17:15:42,208 - httpx - INFO - HTTP Request: POST https://api.telegram.org/bot8986581091:AAEqrOS80ptTAfBZ4WRpJmGKlpXE5IKCgKA/sendMessage "HTTP/1.1 200 OK"
2026-07-05 17:15:43,499 - httpx - INFO - HTTP Request: POST https://api.telegram.org/bot8986581091:AAEqrOS80ptTAfBZ4WRpJmGKlpXE5IKCgKA/getUpdates "HTTP/1.1 200 OK"
2026-07-05 17:15:43,984 - httpx - INFO - HTTP Request: POST https://api.telegram.org/bot8986581091:AAEqrOS80ptTAfBZ4WRpJmGKlpXE5IKCgKA/answerCallbackQuery "HTTP/1.1 200 OK"
2026-07-05 17:15:44,337 - httpx - INFO - HTTP Request: POST https://api.telegram.org/bot8986581091:AAEqrOS80ptTAfBZ4WRpJmGKlpXE5IKCgKA/editMessageText "HTTP/1.1 200 OK"
2026-07-05 17:15:47,454 - httpx - INFO - HTTP Request: POST https://api.telegram.org/bot8986581091:AAEqrOS80ptTAfBZ4WRpJmGKlpXE5IKCgKA/getUpdates "HTTP/1.1 200 OK"
2026-07-05 17:15:47,794 - httpx - INFO - HTTP Request: POST https://api.telegram.org/bot8986581091:AAEqrOS80ptTAfBZ4WRpJmGKlpXE5IKCgKA/answerCallbackQuery "HTTP/1.1 200 OK"
2026-07-05 17:15:48,149 - httpx - INFO - HTTP Request: POST https://api.telegram.org/bot8986581091:AAEqrOS80ptTAfBZ4WRpJmGKlpXE5IKCgKA/editMessageText "HTTP/1.1 200 OK"
2026-07-05 17:15:49,026 - httpx - INFO - HTTP Request: POST https://api.telegram.org/bot8986581091:AAEqrOS80ptTAfBZ4WRpJmGKlpXE5IKCgKA/sendDocument "HTTP/1.1 200 OK"
2026-07-05 17:15:49,388 - httpx - INFO - HTTP Request: POST https://api.telegram.org/bot8986581091:AAEqrOS80ptTAfBZ4WRpJmGKlpXE5IKCgKA/editMessageText "HTTP/1.1 200 OK"
2026-07-05 17:15:57,628 - httpx - INFO - HTTP Request: POST https://api.telegram.org/bot8986581091:AAEqrOS80ptTAfBZ4WRpJmGKlpXE5IKCgKA/getUpdates "HTTP/1.1 200 OK"
2026-07-05 17:16:07,796 - httpx - INFO - HTTP Request: POST https://api.telegram.org/bot8986581091:AAEqrOS80ptTAfBZ4WRpJmGKlpXE5IKCgKA/getUpdates "HTTP/1.1 200 OK"
2026-07-05 17:16:17,965 - httpx - INFO - HTTP Request: POST https://api.telegram.org/bot8986581091:AAEqrOS80ptTAfBZ4WRpJmGKlpXE5IKCgKA/getUpdates "HTTP/1.1 200 OK"
2026-07-05 17:16:28,140 - httpx - INFO - HTTP Request: POST https://api.telegram.org/bot8986581091:AAEqrOS80ptTAfBZ4WRpJmGKlpXE5IKCgKA/getUpdates "HTTP/1.1 200 OK"
2026-07-05 17:16:38,316 - httpx - INFO - HTTP Request: POST https://api.telegram.org/bot8986581091:AAEqrOS80ptTAfBZ4WRpJmGKlpXE5IKCgKA/getUpdates "HTTP/1.1 200 OK"
2026-07-05 17:16:48,491 - httpx - INFO - HTTP Request: POST https://api.telegram.org/bot8986581091:AAEqrOS80ptTAfBZ4WRpJmGKlpXE5IKCgKA/getUpdates "HTTP/1.1 200 OK"
2026-07-05 17:16:58,663 - httpx - INFO - HTTP Request: POST https://api.telegram.org/bot8986581091:AAEqrOS80ptTAfBZ4WRpJmGKlpXE5IKCgKA/getUpdates "HTTP/1.1 200 OK"
2026-07-05 17:17:08,845 - httpx - INFO - HTTP Request: POST https://api.telegram.org/bot8986581091:AAEqrOS80ptTAfBZ4WRpJmGKlpXE5IKCgKA/getUpdates "HTTP/1.1 200 OK"
2026-07-05 17:17:19,023 - httpx - INFO - HTTP Request: POST https://api.telegram.org/bot8986581091:AAEqrOS80ptTAfBZ4WRpJmGKlpXE5IKCgKA/getUpdates "HTTP/1.1 200 OK"
2026-07-05 17:17:29,198 - httpx - INFO - HTTP Request: POST https://api.telegram.org/bot8986581091:AAEqrOS80ptTAfBZ4WRpJmGKlpXE5IKCgKA/getUpdates "HTTP/1.1 200 OK"
2026-07-05 17:17:39,371 - httpx - INFO - HTTP Request: POST https://api.telegram.org/bot8986581091:AAEqrOS80ptTAfBZ4WRpJmGKlpXE5IKCgKA/getUpdates "HTTP/1.1 200 OK"
2026-07-05 17:17:49,539 - httpx - INFO - HTTP Request: POST https://api.telegram.org/bot8986581091:AAEqrOS80ptTAfBZ4WRpJmGKlpXE5IKCgKA/getUpdates "HTTP/1.1 200 OK"
2026-07-05 17:17:59,735 - httpx - INFO - HTTP Request: POST https://api.telegram.org/bot8986581091:AAEqrOS80ptTAfBZ4WRpJmGKlpXE5IKCgKA/getUpdates "HTTP/1.1 200 OK"
2026-07-05 17:18:09,908 - httpx - INFO - HTTP Request: POST https://api.telegram.org/bot8986581091:AAEqrOS80ptTAfBZ4WRpJmGKlpXE5IKCgKA/getUpdates "HTTP/1.1 200 OK"
2026-07-05 17:18:20,080 - httpx - INFO - HTTP Request: POST https://api.telegram.org/bot8986581091:AAEqrOS80ptTAfBZ4WRpJmGKlpXE5IKCgKA/getUpdates "HTTP/1.1 200 OK"
2026-07-05 17:18:30,253 - httpx - INFO - HTTP Request: POST https://api.telegram.org/bot8986581091:AAEqrOS80ptTAfBZ4WRpJmGKlpXE5IKCgKA/getUpdates "HTTP/1.1 200 OK"
2026-07-05 17:18:40,422 - httpx - INFO - HTTP Request: POST https://api.telegram.org/bot8986581091:AAEqrOS80ptTAfBZ4WRpJmGKlpXE5IKCgKA/getUpdates "HTTP/1.1 200 OK"
2026-07-05 17:18:50,596 - httpx - INFO - HTTP Request: POST https://api.telegram.org/bot8986581091:AAEqrOS80ptTAfBZ4WRpJmGKlpXE5IKCgKA/getUpdates "HTTP/1.1 200 OK"
2026-07-05 17:19:00,765 - httpx - INFO - HTTP Request: POST https://api.telegram.org/bot8986581091:AAEqrOS80ptTAfBZ4WRpJmGKlpXE5IKCgKA/getUpdates "HTTP/1.1 200 OK"
2026-07-05 17:19:10,938 - httpx - INFO - HTTP Request: POST https://api.telegram.org/bot8986581091:AAEqrOS80ptTAfBZ4WRpJmGKlpXE5IKCgKA/getUpdates "HTTP/1.1 200 OK"
2026-07-05 17:19:20,116 - telethon.crypto.aes - INFO - libssl detected, it will be used for encryption
2026-07-05 17:19:20,396 - config - INFO - Bot is starting...
2026-07-05 17:19:21,164 - httpx - INFO - HTTP Request: POST https://api.telegram.org/bot8986581091:AAEqrOS80ptTAfBZ4WRpJmGKlpXE5IKCgKA/getMe "HTTP/1.1 200 OK"
2026-07-05 17:19:21,165 - config - INFO - Initializing database...
2026-07-05 17:19:21,354 - httpx - INFO - HTTP Request: POST https://api.telegram.org/bot8986581091:AAEqrOS80ptTAfBZ4WRpJmGKlpXE5IKCgKA/deleteWebhook "HTTP/1.1 200 OK"
2026-07-05 17:19:21,356 - telegram.ext.Application - INFO - Application started
2026-07-05 17:19:31,912 - httpx - INFO - HTTP Request: POST https://api.telegram.org/bot8986581091:AAEqrOS80ptTAfBZ4WRpJmGKlpXE5IKCgKA/getUpdates "HTTP/1.1 200 OK"
2026-07-05 17:19:36,283 - httpx - INFO - HTTP Request: POST https://api.telegram.org/bot8986581091:AAEqrOS80ptTAfBZ4WRpJmGKlpXE5IKCgKA/getUpdates "HTTP/1.1 200 OK"
2026-07-05 17:19:37,037 - httpx - INFO - HTTP Request: POST https://api.telegram.org/bot8986581091:AAEqrOS80ptTAfBZ4WRpJmGKlpXE5IKCgKA/sendMessage "HTTP/1.1 200 OK"
2026-07-05 17:19:39,286 - httpx - INFO - HTTP Request: POST https://api.telegram.org/bot8986581091:AAEqrOS80ptTAfBZ4WRpJmGKlpXE5IKCgKA/getUpdates "HTTP/1.1 200 OK"
2026-07-05 17:19:39,623 - httpx - INFO - HTTP Request: POST https://api.telegram.org/bot8986581091:AAEqrOS80ptTAfBZ4WRpJmGKlpXE5IKCgKA/answerCallbackQuery "HTTP/1.1 200 OK"
2026-07-05 17:19:39,975 - httpx - INFO - HTTP Request: POST https://api.telegram.org/bot8986581091:AAEqrOS80ptTAfBZ4WRpJmGKlpXE5IKCgKA/editMessageText "HTTP/1.1 200 OK"
2026-07-05 17:19:42,050 - httpx - INFO - HTTP Request: POST https://api.telegram.org/bot8986581091:AAEqrOS80ptTAfBZ4WRpJmGKlpXE5IKCgKA/getUpdates "HTTP/1.1 200 OK"
2026-07-05 17:19:42,386 - httpx - INFO - HTTP Request: POST https://api.telegram.org/bot8986581091:AAEqrOS80ptTAfBZ4WRpJmGKlpXE5IKCgKA/answerCallbackQuery "HTTP/1.1 200 OK"
2026-07-05 17:19:42,737 - httpx - INFO - HTTP Request: POST https://api.telegram.org/bot8986581091:AAEqrOS80ptTAfBZ4WRpJmGKlpXE5IKCgKA/editMessageText "HTTP/1.1 200 OK"
2026-07-05 17:19:43,811 - httpx - INFO - HTTP Request: POST https://api.telegram.org/bot8986581091:AAEqrOS80ptTAfBZ4WRpJmGKlpXE5IKCgKA/getUpdates "HTTP/1.1 200 OK"
2026-07-05 17:19:44,150 - httpx - INFO - HTTP Request: POST https://api.telegram.org/bot8986581091:AAEqrOS80ptTAfBZ4WRpJmGKlpXE5IKCgKA/answerCallbackQuery "HTTP/1.1 200 OK"
2026-07-05 17:19:44,516 - httpx - INFO - HTTP Request: POST https://api.telegram.org/bot8986581091:AAEqrOS80ptTAfBZ4WRpJmGKlpXE5IKCgKA/editMessageText "HTTP/1.1 200 OK"
2026-07-05 17:19:46,639 - httpx - INFO - HTTP Request: POST https://api.telegram.org/bot8986581091:AAEqrOS80ptTAfBZ4WRpJmGKlpXE5IKCgKA/getUpdates "HTTP/1.1 200 OK"
2026-07-05 17:19:46,977 - httpx - INFO - HTTP Request: POST https://api.telegram.org/bot8986581091:AAEqrOS80ptTAfBZ4WRpJmGKlpXE5IKCgKA/answerCallbackQuery "HTTP/1.1 200 OK"
2026-07-05 17:19:47,333 - httpx - INFO - HTTP Request: POST https://api.telegram.org/bot8986581091:AAEqrOS80ptTAfBZ4WRpJmGKlpXE5IKCgKA/editMessageText "HTTP/1.1 200 OK"
2026-07-05 17:19:48,808 - httpx - INFO - HTTP Request: POST https://api.telegram.org/bot8986581091:AAEqrOS80ptTAfBZ4WRpJmGKlpXE5IKCgKA/getUpdates "HTTP/1.1 200 OK"
2026-07-05 17:19:49,147 - httpx - INFO - HTTP Request: POST https://api.telegram.org/bot8986581091:AAEqrOS80ptTAfBZ4WRpJmGKlpXE5IKCgKA/answerCallbackQuery "HTTP/1.1 200 OK"
2026-07-05 17:19:49,507 - httpx - INFO - HTTP Request: POST https://api.telegram.org/bot8986581091:AAEqrOS80ptTAfBZ4WRpJmGKlpXE5IKCgKA/editMessageText "HTTP/1.1 200 OK"
2026-07-05 17:19:50,745 - httpx - INFO - HTTP Request: POST https://api.telegram.org/bot8986581091:AAEqrOS80ptTAfBZ4WRpJmGKlpXE5IKCgKA/getUpdates "HTTP/1.1 200 OK"
2026-07-05 17:19:51,083 - httpx - INFO - HTTP Request: POST https://api.telegram.org/bot8986581091:AAEqrOS80ptTAfBZ4WRpJmGKlpXE5IKCgKA/answerCallbackQuery "HTTP/1.1 200 OK"
2026-07-05 17:19:51,436 - httpx - INFO - HTTP Request: POST https://api.telegram.org/bot8986581091:AAEqrOS80ptTAfBZ4WRpJmGKlpXE5IKCgKA/editMessageText "HTTP/1.1 200 OK"
2026-07-05 17:19:56,386 - httpx - INFO - HTTP Request: POST https://api.telegram.org/bot8986581091:AAEqrOS80ptTAfBZ4WRpJmGKlpXE5IKCgKA/getUpdates "HTTP/1.1 200 OK"
2026-07-05 17:19:56,744 - httpx - INFO - HTTP Request: POST https://api.telegram.org/bot8986581091:AAEqrOS80ptTAfBZ4WRpJmGKlpXE5IKCgKA/sendMessage "HTTP/1.1 200 OK"
2026-07-05 17:19:58,933 - httpx - INFO - HTTP Request: POST https://api.telegram.org/bot8986581091:AAEqrOS80ptTAfBZ4WRpJmGKlpXE5IKCgKA/getUpdates "HTTP/1.1 200 OK"
2026-07-05 17:19:59,306 - httpx - INFO - HTTP Request: POST https://api.telegram.org/bot8986581091:AAEqrOS80ptTAfBZ4WRpJmGKlpXE5IKCgKA/sendMessage "HTTP/1.1 200 OK"
2026-07-05 17:20:01,573 - httpx - INFO - HTTP Request: POST https://api.telegram.org/bot8986581091:AAEqrOS80ptTAfBZ4WRpJmGKlpXE5IKCgKA/getUpdates "HTTP/1.1 200 OK"
2026-07-05 17:20:01,922 - httpx - INFO - HTTP Request: POST https://api.telegram.org/bot8986581091:AAEqrOS80ptTAfBZ4WRpJmGKlpXE5IKCgKA/answerCallbackQuery "HTTP/1.1 200 OK"
2026-07-05 17:20:02,285 - httpx - INFO - HTTP Request: POST https://api.telegram.org/bot8986581091:AAEqrOS80ptTAfBZ4WRpJmGKlpXE5IKCgKA/editMessageText "HTTP/1.1 200 OK"
2026-07-05 17:20:03,597 - httpx - INFO - HTTP Request: POST https://api.telegram.org/bot8986581091:AAEqrOS80ptTAfBZ4WRpJmGKlpXE5IKCgKA/getUpdates "HTTP/1.1 200 OK"
2026-07-05 17:20:03,960 - httpx - INFO - HTTP Request: POST https://api.telegram.org/bot8986581091:AAEqrOS80ptTAfBZ4WRpJmGKlpXE5IKCgKA/answerCallbackQuery "HTTP/1.1 200 OK"
2026-07-05 17:20:04,331 - httpx - INFO - HTTP Request: POST https://api.telegram.org/bot8986581091:AAEqrOS80ptTAfBZ4WRpJmGKlpXE5IKCgKA/editMessageText "HTTP/1.1 200 OK"
2026-07-05 17:20:05,416 - httpx - INFO - HTTP Request: POST https://api.telegram.org/bot8986581091:AAEqrOS80ptTAfBZ4WRpJmGKlpXE5IKCgKA/getUpdates "HTTP/1.1 200 OK"
2026-07-05 17:20:05,753 - httpx - INFO - HTTP Request: POST https://api.telegram.org/bot8986581091:AAEqrOS80ptTAfBZ4WRpJmGKlpXE5IKCgKA/answerCallbackQuery "HTTP/1.1 200 OK"
2026-07-05 17:20:06,107 - httpx - INFO - HTTP Request: POST https://api.telegram.org/bot8986581091:AAEqrOS80ptTAfBZ4WRpJmGKlpXE5IKCgKA/editMessageText "HTTP/1.1 200 OK"
2026-07-05 17:20:09,081 - httpx - INFO - HTTP Request: POST https://api.telegram.org/bot8986581091:AAEqrOS80ptTAfBZ4WRpJmGKlpXE5IKCgKA/getUpdates "HTTP/1.1 200 OK"
2026-07-05 17:20:09,471 - httpx - INFO - HTTP Request: POST https://api.telegram.org/bot8986581091:AAEqrOS80ptTAfBZ4WRpJmGKlpXE5IKCgKA/answerCallbackQuery "HTTP/1.1 200 OK"
2026-07-05 17:20:09,828 - httpx - INFO - HTTP Request: POST https://api.telegram.org/bot8986581091:AAEqrOS80ptTAfBZ4WRpJmGKlpXE5IKCgKA/editMessageText "HTTP/1.1 200 OK"
2026-07-05 17:20:13,222 - httpx - INFO - HTTP Request: POST https://api.telegram.org/bot8986581091:AAEqrOS80ptTAfBZ4WRpJmGKlpXE5IKCgKA/getUpdates "HTTP/1.1 200 OK"
2026-07-05 17:20:13,669 - httpx - INFO - HTTP Request: POST https://api.telegram.org/bot8986581091:AAEqrOS80ptTAfBZ4WRpJmGKlpXE5IKCgKA/sendMessage "HTTP/1.1 200 OK"
2026-07-05 17:20:17,598 - httpx - INFO - HTTP Request: POST https://api.telegram.org/bot8986581091:AAEqrOS80ptTAfBZ4WRpJmGKlpXE5IKCgKA/getUpdates "HTTP/1.1 200 OK"
2026-07-05 17:20:17,969 - httpx - INFO - HTTP Request: POST https://api.telegram.org/bot8986581091:AAEqrOS80ptTAfBZ4WRpJmGKlpXE5IKCgKA/sendMessage "HTTP/1.1 200 OK"
2026-07-05 17:20:18,914 - httpx - INFO - HTTP Request: POST https://api.telegram.org/bot8986581091:AAEqrOS80ptTAfBZ4WRpJmGKlpXE5IKCgKA/sendDocument "HTTP/1.1 200 OK"
2026-07-05 17:20:19,262 - httpx - INFO - HTTP Request: POST https://api.telegram.org/bot8986581091:AAEqrOS80ptTAfBZ4WRpJmGKlpXE5IKCgKA/deleteMessage "HTTP/1.1 200 OK"
2026-07-05 17:20:27,784 - httpx - INFO - HTTP Request: POST https://api.telegram.org/bot8986581091:AAEqrOS80ptTAfBZ4WRpJmGKlpXE5IKCgKA/getUpdates "HTTP/1.1 200 OK"
2026-07-05 17:20:37,965 - httpx - INFO - HTTP Request: POST https://api.telegram.org/bot8986581091:AAEqrOS80ptTAfBZ4WRpJmGKlpXE5IKCgKA/getUpdates "HTTP/1.1 200 OK"
2026-07-05 17:20:48,152 - httpx - INFO - HTTP Request: POST https://api.telegram.org/bot8986581091:AAEqrOS80ptTAfBZ4WRpJmGKlpXE5IKCgKA/getUpdates "HTTP/1.1 200 OK"
2026-07-05 17:20:58,339 - httpx - INFO - HTTP Request: POST https://api.telegram.org/bot8986581091:AAEqrOS80ptTAfBZ4WRpJmGKlpXE5IKCgKA/getUpdates "HTTP/1.1 200 OK"
2026-07-05 17:21:08,521 - httpx - INFO - HTTP Request: POST https://api.telegram.org/bot8986581091:AAEqrOS80ptTAfBZ4WRpJmGKlpXE5IKCgKA/getUpdates "HTTP/1.1 200 OK"
2026-07-05 17:21:18,704 - httpx - INFO - HTTP Request: POST https://api.telegram.org/bot8986581091:AAEqrOS80ptTAfBZ4WRpJmGKlpXE5IKCgKA/getUpdates "HTTP/1.1 200 OK"
2026-07-05 17:21:28,888 - httpx - INFO - HTTP Request: POST https://api.telegram.org/bot8986581091:AAEqrOS80ptTAfBZ4WRpJmGKlpXE5IKCgKA/getUpdates "HTTP/1.1 200 OK"
2026-07-05 17:21:39,092 - httpx - INFO - HTTP Request: POST https://api.telegram.org/bot8986581091:AAEqrOS80ptTAfBZ4WRpJmGKlpXE5IKCgKA/getUpdates "HTTP/1.1 200 OK"
2026-07-05 17:21:49,281 - httpx - INFO - HTTP Request: POST https://api.telegram.org/bot8986581091:AAEqrOS80ptTAfBZ4WRpJmGKlpXE5IKCgKA/getUpdates "HTTP/1.1 200 OK"
2026-07-05 17:21:59,471 - httpx - INFO - HTTP Request: POST https://api.telegram.org/bot8986581091:AAEqrOS80ptTAfBZ4WRpJmGKlpXE5IKCgKA/getUpdates "HTTP/1.1 200 OK"
2026-07-05 17:22:09,661 - httpx - INFO - HTTP Request: POST https://api.telegram.org/bot8986581091:AAEqrOS80ptTAfBZ4WRpJmGKlpXE5IKCgKA/getUpdates "HTTP/1.1 200 OK"
2026-07-05 17:22:19,857 - httpx - INFO - HTTP Request: POST https://api.telegram.org/bot8986581091:AAEqrOS80ptTAfBZ4WRpJmGKlpXE5IKCgKA/getUpdates "HTTP/1.1 200 OK"
2026-07-05 17:22:30,054 - httpx - INFO - HTTP Request: POST https://api.telegram.org/bot8986581091:AAEqrOS80ptTAfBZ4WRpJmGKlpXE5IKCgKA/getUpdates "HTTP/1.1 200 OK"
2026-07-05 17:22:34,224 - httpx - INFO - HTTP Request: POST https://api.telegram.org/bot8986581091:AAEqrOS80ptTAfBZ4WRpJmGKlpXE5IKCgKA/getUpdates "HTTP/1.1 200 OK"
2026-07-05 17:22:35,108 - httpx - INFO - HTTP Request: POST https://api.telegram.org/bot8986581091:AAEqrOS80ptTAfBZ4WRpJmGKlpXE5IKCgKA/answerCallbackQuery "HTTP/1.1 200 OK"
2026-07-05 17:22:35,459 - httpx - INFO - HTTP Request: POST https://api.telegram.org/bot8986581091:AAEqrOS80ptTAfBZ4WRpJmGKlpXE5IKCgKA/editMessageText "HTTP/1.1 200 OK"
2026-07-05 17:22:44,411 - httpx - INFO - HTTP Request: POST https://api.telegram.org/bot8986581091:AAEqrOS80ptTAfBZ4WRpJmGKlpXE5IKCgKA/getUpdates "HTTP/1.1 200 OK"
2026-07-05 17:22:54,592 - httpx - INFO - HTTP Request: POST https://api.telegram.org/bot8986581091:AAEqrOS80ptTAfBZ4WRpJmGKlpXE5IKCgKA/getUpdates "HTTP/1.1 200 OK"
2026-07-05 17:23:04,775 - httpx - INFO - HTTP Request: POST https://api.telegram.org/bot8986581091:AAEqrOS80ptTAfBZ4WRpJmGKlpXE5IKCgKA/getUpdates "HTTP/1.1 200 OK"
2026-07-05 17:23:14,958 - httpx - INFO - HTTP Request: POST https://api.telegram.org/bot8986581091:AAEqrOS80ptTAfBZ4WRpJmGKlpXE5IKCgKA/getUpdates "HTTP/1.1 200 OK"
2026-07-05 17:23:25,142 - httpx - INFO - HTTP Request: POST https://api.telegram.org/bot8986581091:AAEqrOS80ptTAfBZ4WRpJmGKlpXE5IKCgKA/getUpdates "HTTP/1.1 200 OK"
2026-07-05 17:23:35,325 - httpx - INFO - HTTP Request: POST https://api.telegram.org/bot8986581091:AAEqrOS80ptTAfBZ4WRpJmGKlpXE5IKCgKA/getUpdates "HTTP/1.1 200 OK"
2026-07-05 17:23:45,509 - httpx - INFO - HTTP Request: POST https://api.telegram.org/bot8986581091:AAEqrOS80ptTAfBZ4WRpJmGKlpXE5IKCgKA/getUpdates "HTTP/1.1 200 OK"
2026-07-05 17:23:55,689 - httpx - INFO - HTTP Request: POST https://api.telegram.org/bot8986581091:AAEqrOS80ptTAfBZ4WRpJmGKlpXE5IKCgKA/getUpdates "HTTP/1.1 200 OK"
2026-07-05 17:24:05,870 - httpx - INFO - HTTP Request: POST https://api.telegram.org/bot8986581091:AAEqrOS80ptTAfBZ4WRpJmGKlpXE5IKCgKA/getUpdates "HTTP/1.1 200 OK"
2026-07-05 17:24:16,054 - httpx - INFO - HTTP Request: POST https://api.telegram.org/bot8986581091:AAEqrOS80ptTAfBZ4WRpJmGKlpXE5IKCgKA/getUpdates "HTTP/1.1 200 OK"
2026-07-05 17:24:26,242 - httpx - INFO - HTTP Request: POST https://api.telegram.org/bot8986581091:AAEqrOS80ptTAfBZ4WRpJmGKlpXE5IKCgKA/getUpdates "HTTP/1.1 200 OK"
2026-07-05 17:24:36,422 - httpx - INFO - HTTP Request: POST https://api.telegram.org/bot8986581091:AAEqrOS80ptTAfBZ4WRpJmGKlpXE5IKCgKA/getUpdates "HTTP/1.1 200 OK"
2026-07-05 17:24:46,611 - httpx - INFO - HTTP Request: POST https://api.telegram.org/bot8986581091:AAEqrOS80ptTAfBZ4WRpJmGKlpXE5IKCgKA/getUpdates "HTTP/1.1 200 OK"
2026-07-05 17:24:56,791 - httpx - INFO - HTTP Request: POST https://api.telegram.org/bot8986581091:AAEqrOS80ptTAfBZ4WRpJmGKlpXE5IKCgKA/getUpdates "HTTP/1.1 200 OK"
2026-07-05 17:25:06,976 - httpx - INFO - HTTP Request: POST https://api.telegram.org/bot8986581091:AAEqrOS80ptTAfBZ4WRpJmGKlpXE5IKCgKA/getUpdates "HTTP/1.1 200 OK"
2026-07-05 17:25:17,161 - httpx - INFO - HTTP Request: POST https://api.telegram.org/bot8986581091:AAEqrOS80ptTAfBZ4WRpJmGKlpXE5IKCgKA/getUpdates "HTTP/1.1 200 OK"
2026-07-05 17:25:27,343 - httpx - INFO - HTTP Request: POST https://api.telegram.org/bot8986581091:AAEqrOS80ptTAfBZ4WRpJmGKlpXE5IKCgKA/getUpdates "HTTP/1.1 200 OK"
2026-07-05 17:25:37,526 - httpx - INFO - HTTP Request: POST https://api.telegram.org/bot8986581091:AAEqrOS80ptTAfBZ4WRpJmGKlpXE5IKCgKA/getUpdates "HTTP/1.1 200 OK"
2026-07-05 17:25:47,717 - httpx - INFO - HTTP Request: POST https://api.telegram.org/bot8986581091:AAEqrOS80ptTAfBZ4WRpJmGKlpXE5IKCgKA/getUpdates "HTTP/1.1 200 OK"
2026-07-05 17:25:57,900 - httpx - INFO - HTTP Request: POST https://api.telegram.org/bot8986581091:AAEqrOS80ptTAfBZ4WRpJmGKlpXE5IKCgKA/getUpdates "HTTP/1.1 200 OK"
2026-07-05 17:26:08,083 - httpx - INFO - HTTP Request: POST https://api.telegram.org/bot8986581091:AAEqrOS80ptTAfBZ4WRpJmGKlpXE5IKCgKA/getUpdates "HTTP/1.1 200 OK"
2026-07-05 17:26:15,937 - httpx - INFO - HTTP Request: POST https://api.telegram.org/bot8986581091:AAEqrOS80ptTAfBZ4WRpJmGKlpXE5IKCgKA/getUpdates "HTTP/1.1 200 OK"
2026-07-05 17:26:15,938 - telegram.ext.Application - INFO - Application is stopping. This might take a moment.
2026-07-05 17:26:15,939 - telegram.ext.Application - INFO - Application.stop() complete
2026-07-05 17:26:17,081 - telethon.crypto.aes - INFO - libssl detected, it will be used for encryption
2026-07-05 17:26:17,358 - config - INFO - Bot is starting...
2026-07-05 17:26:17,940 - httpx - INFO - HTTP Request: POST https://api.telegram.org/bot8986581091:AAEqrOS80ptTAfBZ4WRpJmGKlpXE5IKCgKA/getMe "HTTP/1.1 200 OK"
2026-07-05 17:26:17,952 - config - INFO - Initializing database...
2026-07-05 17:26:18,162 - httpx - INFO - HTTP Request: POST https://api.telegram.org/bot8986581091:AAEqrOS80ptTAfBZ4WRpJmGKlpXE5IKCgKA/deleteWebhook "HTTP/1.1 200 OK"
2026-07-05 17:26:18,166 - telegram.ext.Application - INFO - Application started
2026-07-05 17:26:28,843 - httpx - INFO - HTTP Request: POST https://api.telegram.org/bot8986581091:AAEqrOS80ptTAfBZ4WRpJmGKlpXE5IKCgKA/getUpdates "HTTP/1.1 200 OK"
2026-07-05 17:26:29,752 - httpx - INFO - HTTP Request: POST https://api.telegram.org/bot8986581091:AAEqrOS80ptTAfBZ4WRpJmGKlpXE5IKCgKA/getUpdates "HTTP/1.1 200 OK"
2026-07-05 17:26:30,447 - httpx - INFO - HTTP Request: POST https://api.telegram.org/bot8986581091:AAEqrOS80ptTAfBZ4WRpJmGKlpXE5IKCgKA/sendMessage "HTTP/1.1 200 OK"
2026-07-05 17:26:30,626 - httpx - INFO - HTTP Request: POST https://api.telegram.org/bot8986581091:AAEqrOS80ptTAfBZ4WRpJmGKlpXE5IKCgKA/getUpdates "HTTP/1.1 200 OK"
2026-07-05 17:26:30,963 - httpx - INFO - HTTP Request: POST https://api.telegram.org/bot8986581091:AAEqrOS80ptTAfBZ4WRpJmGKlpXE5IKCgKA/answerCallbackQuery "HTTP/1.1 200 OK"
2026-07-05 17:26:31,345 - httpx - INFO - HTTP Request: POST https://api.telegram.org/bot8986581091:AAEqrOS80ptTAfBZ4WRpJmGKlpXE5IKCgKA/editMessageText "HTTP/1.1 200 OK"
2026-07-05 17:26:33,696 - httpx - INFO - HTTP Request: POST https://api.telegram.org/bot8986581091:AAEqrOS80ptTAfBZ4WRpJmGKlpXE5IKCgKA/getUpdates "HTTP/1.1 200 OK"
2026-07-05 17:26:34,066 - httpx - INFO - HTTP Request: POST https://api.telegram.org/bot8986581091:AAEqrOS80ptTAfBZ4WRpJmGKlpXE5IKCgKA/sendMessage "HTTP/1.1 200 OK"
2026-07-05 17:26:34,996 - httpx - INFO - HTTP Request: POST https://api.telegram.org/bot8986581091:AAEqrOS80ptTAfBZ4WRpJmGKlpXE5IKCgKA/sendDocument "HTTP/1.1 200 OK"
2026-07-05 17:26:35,335 - httpx - INFO - HTTP Request: POST https://api.telegram.org/bot8986581091:AAEqrOS80ptTAfBZ4WRpJmGKlpXE5IKCgKA/deleteMessage "HTTP/1.1 200 OK"
2026-07-05 17:26:43,867 - httpx - INFO - HTTP Request: POST https://api.telegram.org/bot8986581091:AAEqrOS80ptTAfBZ4WRpJmGKlpXE5IKCgKA/getUpdates "HTTP/1.1 200 OK"
2026-07-05 17:26:54,037 - httpx - INFO - HTTP Request: POST https://api.telegram.org/bot8986581091:AAEqrOS80ptTAfBZ4WRpJmGKlpXE5IKCgKA/getUpdates "HTTP/1.1 200 OK"
2026-07-05 17:27:04,209 - httpx - INFO - HTTP Request: POST https://api.telegram.org/bot8986581091:AAEqrOS80ptTAfBZ4WRpJmGKlpXE5IKCgKA/getUpdates "HTTP/1.1 200 OK"
2026-07-05 17:27:14,381 - httpx - INFO - HTTP Request: POST https://api.telegram.org/bot8986581091:AAEqrOS80ptTAfBZ4WRpJmGKlpXE5IKCgKA/getUpdates "HTTP/1.1 200 OK"
2026-07-05 17:27:24,550 - httpx - INFO - HTTP Request: POST https://api.telegram.org/bot8986581091:AAEqrOS80ptTAfBZ4WRpJmGKlpXE5IKCgKA/getUpdates "HTTP/1.1 200 OK"
2026-07-05 17:27:34,729 - httpx - INFO - HTTP Request: POST https://api.telegram.org/bot8986581091:AAEqrOS80ptTAfBZ4WRpJmGKlpXE5IKCgKA/getUpdates "HTTP/1.1 200 OK"
2026-07-05 17:27:44,904 - httpx - INFO - HTTP Request: POST https://api.telegram.org/bot8986581091:AAEqrOS80ptTAfBZ4WRpJmGKlpXE5IKCgKA/getUpdates "HTTP/1.1 200 OK"
2026-07-05 17:27:55,072 - httpx - INFO - HTTP Request: POST https://api.telegram.org/bot8986581091:AAEqrOS80ptTAfBZ4WRpJmGKlpXE5IKCgKA/getUpdates "HTTP/1.1 200 OK"
2026-07-05 17:28:05,247 - httpx - INFO - HTTP Request: POST https://api.telegram.org/bot8986581091:AAEqrOS80ptTAfBZ4WRpJmGKlpXE5IKCgKA/getUpdates "HTTP/1.1 200 OK"
2026-07-05 17:28:15,419 - httpx - INFO - HTTP Request: POST https://api.telegram.org/bot8986581091:AAEqrOS80ptTAfBZ4WRpJmGKlpXE5IKCgKA/getUpdates "HTTP/1.1 200 OK"
2026-07-05 17:28:25,586 - httpx - INFO - HTTP Request: POST https://api.telegram.org/bot8986581091:AAEqrOS80ptTAfBZ4WRpJmGKlpXE5IKCgKA/getUpdates "HTTP/1.1 200 OK"
2026-07-05 17:28:35,760 - httpx - INFO - HTTP Request: POST https://api.telegram.org/bot8986581091:AAEqrOS80ptTAfBZ4WRpJmGKlpXE5IKCgKA/getUpdates "HTTP/1.1 200 OK"
2026-07-05 17:28:45,931 - httpx - INFO - HTTP Request: POST https://api.telegram.org/bot8986581091:AAEqrOS80ptTAfBZ4WRpJmGKlpXE5IKCgKA/getUpdates "HTTP/1.1 200 OK"
